<?xml version="1.0" encoding="UTF-8"?>
<robot generator="Robot 4.1.2 (Python 3.8.10 on linux)" generated="20211214 21:58:48.514" rpa="false" schemaversion="2">
<suite id="s1" name="Test" source="/home/liyana/PycharmProjects/APIToken/test.robot">
<test id="s1-t1" name="Open Deriv">
<kw name="Login" library="common">
<arg>${my_email}</arg>
<arg>${my_pw}</arg>
<kw name="Open Browser" library="SeleniumLibrary">
<arg>url=https://app.deriv.com</arg>
<arg>browser=chrome</arg>
<doc>Opens a new browser instance to the optional ``url``.</doc>
<msg timestamp="20211214 21:58:48.598" level="INFO">Opening browser 'chrome' to base url 'https://app.deriv.com'.</msg>
<status status="PASS" starttime="20211214 21:58:48.597" endtime="20211214 22:01:09.304"/>
</kw>
<kw name="Set Window Size" library="SeleniumLibrary">
<arg>1028</arg>
<arg>1024</arg>
<doc>Sets current windows size to given ``width`` and ``height``.</doc>
<kw name="Capture Page Screenshot" library="SeleniumLibrary">
<doc>Takes a screenshot of the current page and embeds it into a log file.</doc>
<msg timestamp="20211214 22:01:09.311" level="FAIL">NoSuchWindowException: Message: no such window: target window already closed
from unknown error: web view not found
  (Session info: chrome=95.0.4638.69)
Stacktrace:
#0 0x562a29449463 &lt;unknown&gt;
#1 0x562a28f21678 &lt;unknown&gt;
#2 0x562a28f02242 &lt;unknown&gt;
#3 0x562a28f77d9b &lt;unknown&gt;
#4 0x562a28f87055 &lt;unknown&gt;
#5 0x562a28f74683 &lt;unknown&gt;
#6 0x562a28f4ab64 &lt;unknown&gt;
#7 0x562a28f4bb55 &lt;unknown&gt;
#8 0x562a294790fe &lt;unknown&gt;
#9 0x562a2948e9d0 &lt;unknown&gt;
#10 0x562a2947a055 &lt;unknown&gt;
#11 0x562a2948fe18 &lt;unknown&gt;
#12 0x562a2946e82b &lt;unknown&gt;
#13 0x562a294aaf98 &lt;unknown&gt;
#14 0x562a294ab118 &lt;unknown&gt;
#15 0x562a294c659d &lt;unknown&gt;
#16 0x7f29de154609 &lt;unknown&gt;
</msg>
<status status="FAIL" starttime="20211214 22:01:09.307" endtime="20211214 22:01:09.311"/>
</kw>
<msg timestamp="20211214 22:01:09.311" level="WARN">Keyword 'Capture Page Screenshot' could not be run on failure: NoSuchWindowException: Message: no such window: target window already closed
from unknown error: web view not found
  (Session info: chrome=95.0.4638.69)
Stacktrace:
#0 0x562a29449463 &lt;unknown&gt;
#1 0x562a28f21678 &lt;unknown&gt;
#2 0x562a28f02242 &lt;unknown&gt;
#3 0x562a28f77d9b &lt;unknown&gt;
#4 0x562a28f87055 &lt;unknown&gt;
#5 0x562a28f74683 &lt;unknown&gt;
#6 0x562a28f4ab64 &lt;unknown&gt;
#7 0x562a28f4bb55 &lt;unknown&gt;
#8 0x562a294790fe &lt;unknown&gt;
#9 0x562a2948e9d0 &lt;unknown&gt;
#10 0x562a2947a055 &lt;unknown&gt;
#11 0x562a2948fe18 &lt;unknown&gt;
#12 0x562a2946e82b &lt;unknown&gt;
#13 0x562a294aaf98 &lt;unknown&gt;
#14 0x562a294ab118 &lt;unknown&gt;
#15 0x562a294c659d &lt;unknown&gt;
#16 0x7f29de154609 &lt;unknown&gt;
</msg>
<msg timestamp="20211214 22:01:09.311" level="FAIL">NoSuchWindowException: Message: no such window: target window already closed
from unknown error: web view not found
  (Session info: chrome=95.0.4638.69)
Stacktrace:
#0 0x562a29449463 &lt;unknown&gt;
#1 0x562a28f21678 &lt;unknown&gt;
#2 0x562a28f02242 &lt;unknown&gt;
#3 0x562a28f77d9b &lt;unknown&gt;
#4 0x562a28f87055 &lt;unknown&gt;
#5 0x562a28f74683 &lt;unknown&gt;
#6 0x562a28f4ab64 &lt;unknown&gt;
#7 0x562a28f4bb55 &lt;unknown&gt;
#8 0x562a294790fe &lt;unknown&gt;
#9 0x562a2948e9d0 &lt;unknown&gt;
#10 0x562a2947a055 &lt;unknown&gt;
#11 0x562a2948fe18 &lt;unknown&gt;
#12 0x562a2946e82b &lt;unknown&gt;
#13 0x562a294aaf98 &lt;unknown&gt;
#14 0x562a294ab118 &lt;unknown&gt;
#15 0x562a294c659d &lt;unknown&gt;
#16 0x7f29de154609 &lt;unknown&gt;
</msg>
<status status="FAIL" starttime="20211214 22:01:09.304" endtime="20211214 22:01:09.311"/>
</kw>
<kw name="Wait Until Page Does Not Contain" library="SeleniumLibrary">
<arg>dt_core_header_acc-info-preloader</arg>
<arg>60</arg>
<doc>Waits until ``text`` disappears from the current page.</doc>
<status status="NOT RUN" starttime="20211214 22:01:09.312" endtime="20211214 22:01:09.312"/>
</kw>
<kw name="Wait Until Page Contains Element" library="SeleniumLibrary">
<arg>${login_btn}</arg>
<arg>60</arg>
<doc>Waits until the element ``locator`` appears on the current page.</doc>
<status status="NOT RUN" starttime="20211214 22:01:09.312" endtime="20211214 22:01:09.312"/>
</kw>
<kw name="Click Element" library="SeleniumLibrary">
<arg>${login_btn}</arg>
<doc>Click the element identified by ``locator``.</doc>
<status status="NOT RUN" starttime="20211214 22:01:09.312" endtime="20211214 22:01:09.312"/>
</kw>
<kw name="Wait Until Page Contains Element" library="SeleniumLibrary">
<arg>${email_field}</arg>
<arg>15</arg>
<doc>Waits until the element ``locator`` appears on the current page.</doc>
<status status="NOT RUN" starttime="20211214 22:01:09.312" endtime="20211214 22:01:09.312"/>
</kw>
<kw name="Input Text" library="SeleniumLibrary">
<arg>${email_field}</arg>
<arg>${email}</arg>
<doc>Types the given ``text`` into the text field identified by ``locator``.</doc>
<status status="NOT RUN" starttime="20211214 22:01:09.312" endtime="20211214 22:01:09.312"/>
</kw>
<kw name="Input Text" library="SeleniumLibrary">
<arg>${pw_field}</arg>
<arg>${pw}</arg>
<doc>Types the given ``text`` into the text field identified by ``locator``.</doc>
<status status="NOT RUN" starttime="20211214 22:01:09.312" endtime="20211214 22:01:09.312"/>
</kw>
<kw name="Click Element" library="SeleniumLibrary">
<arg>${login_oauth_btn}</arg>
<doc>Click the element identified by ``locator``.</doc>
<status status="NOT RUN" starttime="20211214 22:01:09.312" endtime="20211214 22:01:09.312"/>
</kw>
<kw name="Wait Until Page Does Not Contain Element" library="SeleniumLibrary">
<arg>dt_core_header_acc-info-preloader</arg>
<arg>60</arg>
<doc>Waits until the element ``locator`` disappears from the current page.</doc>
<status status="NOT RUN" starttime="20211214 22:01:09.313" endtime="20211214 22:01:09.313"/>
</kw>
<kw name="Click Element" library="SeleniumLibrary">
<arg>${settings}</arg>
<doc>Click the element identified by ``locator``.</doc>
<status status="NOT RUN" starttime="20211214 22:01:09.313" endtime="20211214 22:01:09.313"/>
</kw>
<kw name="Wait Until Page Contains Element" library="SeleniumLibrary">
<arg>//*[@id="app_contents"]/div/div/div/div/div[2]/div/div[1]/div</arg>
<arg>60</arg>
<doc>Waits until the element ``locator`` appears on the current page.</doc>
<status status="NOT RUN" starttime="20211214 22:01:09.313" endtime="20211214 22:01:09.313"/>
</kw>
<kw name="Click Element" library="SeleniumLibrary">
<arg>${api_token}</arg>
<doc>Click the element identified by ``locator``.</doc>
<status status="NOT RUN" starttime="20211214 22:01:09.313" endtime="20211214 22:01:09.313"/>
</kw>
<kw name="Wait Until Page Contains Element" library="SeleniumLibrary">
<arg>${read}</arg>
<arg>60</arg>
<doc>Waits until the element ``locator`` appears on the current page.</doc>
<status status="NOT RUN" starttime="20211214 22:01:09.313" endtime="20211214 22:01:09.313"/>
</kw>
<kw name="Click Element" library="SeleniumLibrary">
<arg>${read}</arg>
<doc>Click the element identified by ``locator``.</doc>
<status status="NOT RUN" starttime="20211214 22:01:09.313" endtime="20211214 22:01:09.313"/>
</kw>
<kw name="Click Element" library="SeleniumLibrary">
<arg>${token_name}</arg>
<doc>Click the element identified by ``locator``.</doc>
<status status="NOT RUN" starttime="20211214 22:01:09.313" endtime="20211214 22:01:09.313"/>
</kw>
<kw name="Press Keys" library="SeleniumLibrary">
<arg>${token_name}</arg>
<arg>token1</arg>
<doc>Simulates the user pressing key(s) to an element or on the active browser.</doc>
<status status="NOT RUN" starttime="20211214 22:01:09.313" endtime="20211214 22:01:09.313"/>
</kw>
<kw name="Click Element" library="SeleniumLibrary">
<arg>${create_btn}</arg>
<doc>Click the element identified by ``locator``.</doc>
<status status="NOT RUN" starttime="20211214 22:01:09.313" endtime="20211214 22:01:09.313"/>
</kw>
<kw name="Click Element" library="SeleniumLibrary">
<arg>${delete_btn}</arg>
<doc>Click the element identified by ``locator``.</doc>
<status status="NOT RUN" starttime="20211214 22:01:09.313" endtime="20211214 22:01:09.313"/>
</kw>
<kw name="Wait Until Page Contains Element" library="SeleniumLibrary">
<arg>${yes_btn}</arg>
<arg>30</arg>
<doc>Waits until the element ``locator`` appears on the current page.</doc>
<status status="NOT RUN" starttime="20211214 22:01:09.314" endtime="20211214 22:01:09.314"/>
</kw>
<kw name="Click Button" library="SeleniumLibrary">
<arg>${yes_btn}</arg>
<doc>Clicks the button identified by ``locator``.</doc>
<status status="NOT RUN" starttime="20211214 22:01:09.314" endtime="20211214 22:01:09.314"/>
</kw>
<kw name="Wait Until Page Does Not Contain Element" library="SeleniumLibrary">
<arg>dt_core_header_acc-info-preloader</arg>
<arg>60</arg>
<doc>Waits until the element ``locator`` disappears from the current page.</doc>
<status status="NOT RUN" starttime="20211214 22:01:09.314" endtime="20211214 22:01:09.314"/>
</kw>
<kw name="Click Element" library="SeleniumLibrary">
<arg>${settings}</arg>
<doc>Click the element identified by ``locator``.</doc>
<status status="NOT RUN" starttime="20211214 22:01:09.314" endtime="20211214 22:01:09.314"/>
</kw>
<kw name="Wait Until Page Contains Element" library="SeleniumLibrary">
<arg>//*[@id="app_contents"]/div/div/div/div/div[2]/div/div[1]/div</arg>
<arg>60</arg>
<doc>Waits until the element ``locator`` appears on the current page.</doc>
<status status="NOT RUN" starttime="20211214 22:01:09.314" endtime="20211214 22:01:09.314"/>
</kw>
<kw name="Click Element" library="SeleniumLibrary">
<arg>${deactivate}</arg>
<doc>Click the element identified by ``locator``.</doc>
<status status="NOT RUN" starttime="20211214 22:01:09.314" endtime="20211214 22:01:09.314"/>
</kw>
<kw name="Wait Until Page Contains Element" library="SeleniumLibrary">
<arg>${deactivate_btn}</arg>
<arg>60</arg>
<doc>Waits until the element ``locator`` appears on the current page.</doc>
<status status="NOT RUN" starttime="20211214 22:01:09.314" endtime="20211214 22:01:09.314"/>
</kw>
<kw name="Click Element" library="SeleniumLibrary">
<arg>${deactivate_btn}</arg>
<doc>Click the element identified by ``locator``.</doc>
<status status="NOT RUN" starttime="20211214 22:01:09.314" endtime="20211214 22:01:09.314"/>
</kw>
<kw name="Wait Until Page Contains Element" library="SeleniumLibrary">
<arg>${checkbox1}</arg>
<arg>60</arg>
<doc>Waits until the element ``locator`` appears on the current page.</doc>
<status status="NOT RUN" starttime="20211214 22:01:09.314" endtime="20211214 22:01:09.314"/>
</kw>
<kw name="Click Element" library="SeleniumLibrary">
<arg>${checkbox1}</arg>
<doc>Click the element identified by ``locator``.</doc>
<status status="NOT RUN" starttime="20211214 22:01:09.314" endtime="20211214 22:01:09.315"/>
</kw>
<kw name="Click elemeent">
<arg>${text1}</arg>
<status status="NOT RUN" starttime="20211214 22:01:09.317" endtime="20211214 22:01:09.317"/>
</kw>
<kw name="Press Keys" library="SeleniumLibrary">
<arg>$${text1}</arg>
<arg>i love deriv</arg>
<doc>Simulates the user pressing key(s) to an element or on the active browser.</doc>
<status status="NOT RUN" starttime="20211214 22:01:09.317" endtime="20211214 22:01:09.317"/>
</kw>
<kw name="Click Element" library="SeleniumLibrary">
<arg>${cont_btn}</arg>
<doc>Click the element identified by ``locator``.</doc>
<status status="NOT RUN" starttime="20211214 22:01:09.317" endtime="20211214 22:01:09.317"/>
</kw>
<kw name="Wait Until Page Contains Element" library="SeleniumLibrary">
<arg>${deact_btn_final}</arg>
<arg>60</arg>
<doc>Waits until the element ``locator`` appears on the current page.</doc>
<status status="NOT RUN" starttime="20211214 22:01:09.317" endtime="20211214 22:01:09.317"/>
</kw>
<kw name="Click Element" library="SeleniumLibrary">
<arg>${deact_btn_final}</arg>
<doc>Click the element identified by ``locator``.</doc>
<status status="NOT RUN" starttime="20211214 22:01:09.317" endtime="20211214 22:01:09.317"/>
</kw>
<status status="FAIL" starttime="20211214 21:58:48.597" endtime="20211214 22:01:09.318"/>
</kw>
<status status="FAIL" starttime="20211214 21:58:48.596" endtime="20211214 22:01:09.318">NoSuchWindowException: Message: no such window: target window already closed
from unknown error: web view not found
  (Session info: chrome=95.0.4638.69)
Stacktrace:
#0 0x562a29449463 &lt;unknown&gt;
#1 0x562a28f21678 &lt;unknown&gt;
#2 0x562a28f02242 &lt;unknown&gt;
#3 0x562a28f77d9b &lt;unknown&gt;
#4 0x562a28f87055 &lt;unknown&gt;
#5 0x562a28f74683 &lt;unknown&gt;
#6 0x562a28f4ab64 &lt;unknown&gt;
#7 0x562a28f4bb55 &lt;unknown&gt;
#8 0x562a294790fe &lt;unknown&gt;
#9 0x562a2948e9d0 &lt;unknown&gt;
#10 0x562a2947a055 &lt;unknown&gt;
#11 0x562a2948fe18 &lt;unknown&gt;
#12 0x562a2946e82b &lt;unknown&gt;
#13 0x562a294aaf98 &lt;unknown&gt;
#14 0x562a294ab118 &lt;unknown&gt;
#15 0x562a294c659d &lt;unknown&gt;
#16 0x7f29de154609 &lt;unknown&gt;
</status>
</test>
<doc>Suite description</doc>
<status status="FAIL" starttime="20211214 21:58:48.515" endtime="20211214 22:01:09.319"/>
</suite>
<statistics>
<total>
<stat pass="0" fail="1" skip="0">All Tests</stat>
</total>
<tag>
</tag>
<suite>
<stat pass="0" fail="1" skip="0" id="s1" name="Test">Test</stat>
</suite>
</statistics>
<errors>
<msg timestamp="20211214 22:01:09.311" level="WARN">Keyword 'Capture Page Screenshot' could not be run on failure: NoSuchWindowException: Message: no such window: target window already closed
from unknown error: web view not found
  (Session info: chrome=95.0.4638.69)
Stacktrace:
#0 0x562a29449463 &lt;unknown&gt;
#1 0x562a28f21678 &lt;unknown&gt;
#2 0x562a28f02242 &lt;unknown&gt;
#3 0x562a28f77d9b &lt;unknown&gt;
#4 0x562a28f87055 &lt;unknown&gt;
#5 0x562a28f74683 &lt;unknown&gt;
#6 0x562a28f4ab64 &lt;unknown&gt;
#7 0x562a28f4bb55 &lt;unknown&gt;
#8 0x562a294790fe &lt;unknown&gt;
#9 0x562a2948e9d0 &lt;unknown&gt;
#10 0x562a2947a055 &lt;unknown&gt;
#11 0x562a2948fe18 &lt;unknown&gt;
#12 0x562a2946e82b &lt;unknown&gt;
#13 0x562a294aaf98 &lt;unknown&gt;
#14 0x562a294ab118 &lt;unknown&gt;
#15 0x562a294c659d &lt;unknown&gt;
#16 0x7f29de154609 &lt;unknown&gt;
</msg>
</errors>
</robot>
